[0.885s] Invoking command in '/home/jeff/omni-robot/src/turtle_gamepad_2': DEBUGINFOD_URLS=https://debuginfod.ubuntu.com PYTHONPATH=/home/jeff/omni-robot/build/turtle_gamepad_2/prefix_override:/usr/lib/python3/dist-packages/colcon_core/task/python/colcon_distutils_commands:/home/jeff/omni-robot/install/turtle_gamepad_2/lib/python3.12/site-packages:${PYTHONPATH} /usr/bin/python3 -W ignore:setup.py install is deprecated -W ignore:easy_install command is deprecated setup.py egg_info --egg-base ../../build/turtle_gamepad_2 build --build-base /home/jeff/omni-robot/build/turtle_gamepad_2/build install --record /home/jeff/omni-robot/build/turtle_gamepad_2/install.log --single-version-externally-managed install_data
[1.101s] running egg_info
[1.101s] creating ../../build/turtle_gamepad_2/turtle_gamepad_2.egg-info
[1.117s] writing ../../build/turtle_gamepad_2/turtle_gamepad_2.egg-info/PKG-INFO
[1.117s] writing dependency_links to ../../build/turtle_gamepad_2/turtle_gamepad_2.egg-info/dependency_links.txt
[1.117s] writing entry points to ../../build/turtle_gamepad_2/turtle_gamepad_2.egg-info/entry_points.txt
[1.118s] writing requirements to ../../build/turtle_gamepad_2/turtle_gamepad_2.egg-info/requires.txt
[1.118s] writing top-level names to ../../build/turtle_gamepad_2/turtle_gamepad_2.egg-info/top_level.txt
[1.118s] writing manifest file '../../build/turtle_gamepad_2/turtle_gamepad_2.egg-info/SOURCES.txt'
[1.151s] reading manifest file '../../build/turtle_gamepad_2/turtle_gamepad_2.egg-info/SOURCES.txt'
[1.151s] writing manifest file '../../build/turtle_gamepad_2/turtle_gamepad_2.egg-info/SOURCES.txt'
[1.151s] running build
[1.151s] running build_py
[1.152s] creating /home/jeff/omni-robot/build/turtle_gamepad_2/build
[1.152s] creating /home/jeff/omni-robot/build/turtle_gamepad_2/build/lib
[1.152s] creating /home/jeff/omni-robot/build/turtle_gamepad_2/build/lib/turtle_gamepad_2
[1.152s] copying turtle_gamepad_2/__init__.py -> /home/jeff/omni-robot/build/turtle_gamepad_2/build/lib/turtle_gamepad_2
[1.152s] copying turtle_gamepad_2/emergency_stop_monitor.py -> /home/jeff/omni-robot/build/turtle_gamepad_2/build/lib/turtle_gamepad_2
[1.152s] copying turtle_gamepad_2/turtle_gamepad_controller.py -> /home/jeff/omni-robot/build/turtle_gamepad_2/build/lib/turtle_gamepad_2
[1.152s] running install
[1.157s] running install_lib
[1.173s] creating /home/jeff/omni-robot/install/turtle_gamepad_2/lib/python3.12/site-packages/turtle_gamepad_2
[1.173s] copying /home/jeff/omni-robot/build/turtle_gamepad_2/build/lib/turtle_gamepad_2/__init__.py -> /home/jeff/omni-robot/install/turtle_gamepad_2/lib/python3.12/site-packages/turtle_gamepad_2
[1.173s] copying /home/jeff/omni-robot/build/turtle_gamepad_2/build/lib/turtle_gamepad_2/emergency_stop_monitor.py -> /home/jeff/omni-robot/install/turtle_gamepad_2/lib/python3.12/site-packages/turtle_gamepad_2
[1.174s] copying /home/jeff/omni-robot/build/turtle_gamepad_2/build/lib/turtle_gamepad_2/turtle_gamepad_controller.py -> /home/jeff/omni-robot/install/turtle_gamepad_2/lib/python3.12/site-packages/turtle_gamepad_2
[1.174s] byte-compiling /home/jeff/omni-robot/install/turtle_gamepad_2/lib/python3.12/site-packages/turtle_gamepad_2/__init__.py to __init__.cpython-312.pyc
[1.174s] byte-compiling /home/jeff/omni-robot/install/turtle_gamepad_2/lib/python3.12/site-packages/turtle_gamepad_2/emergency_stop_monitor.py to emergency_stop_monitor.cpython-312.pyc
[1.175s] byte-compiling /home/jeff/omni-robot/install/turtle_gamepad_2/lib/python3.12/site-packages/turtle_gamepad_2/turtle_gamepad_controller.py to turtle_gamepad_controller.cpython-312.pyc
[1.175s] running install_data
[1.176s] creating /home/jeff/omni-robot/install/turtle_gamepad_2/share/ament_index
[1.176s] creating /home/jeff/omni-robot/install/turtle_gamepad_2/share/ament_index/resource_index
[1.176s] creating /home/jeff/omni-robot/install/turtle_gamepad_2/share/ament_index/resource_index/packages
[1.176s] copying resource/turtle_gamepad_2 -> /home/jeff/omni-robot/install/turtle_gamepad_2/share/ament_index/resource_index/packages
[1.176s] copying package.xml -> /home/jeff/omni-robot/install/turtle_gamepad_2/share/turtle_gamepad_2
[1.176s] creating /home/jeff/omni-robot/install/turtle_gamepad_2/share/turtle_gamepad_2/launch
[1.176s] copying launch/turtle_gamepad_launch.py -> /home/jeff/omni-robot/install/turtle_gamepad_2/share/turtle_gamepad_2/launch
[1.176s] copying launch/turtle_gamepad_simple_launch.py -> /home/jeff/omni-robot/install/turtle_gamepad_2/share/turtle_gamepad_2/launch
[1.177s] creating /home/jeff/omni-robot/install/turtle_gamepad_2/share/turtle_gamepad_2/config
[1.177s] copying config/f310_config.yaml -> /home/jeff/omni-robot/install/turtle_gamepad_2/share/turtle_gamepad_2/config
[1.177s] running install_egg_info
[1.194s] Copying ../../build/turtle_gamepad_2/turtle_gamepad_2.egg-info to /home/jeff/omni-robot/install/turtle_gamepad_2/lib/python3.12/site-packages/turtle_gamepad_2-0.0.0-py3.12.egg-info
[1.194s] running install_scripts
[1.308s] Installing emergency_stop_monitor script to /home/jeff/omni-robot/install/turtle_gamepad_2/lib/turtle_gamepad_2
[1.308s] Installing turtle_gamepad_controller script to /home/jeff/omni-robot/install/turtle_gamepad_2/lib/turtle_gamepad_2
[1.308s] writing list of installed files to '/home/jeff/omni-robot/build/turtle_gamepad_2/install.log'
[1.331s] Invoked command in '/home/jeff/omni-robot/src/turtle_gamepad_2' returned '0': DEBUGINFOD_URLS=https://debuginfod.ubuntu.com PYTHONPATH=/home/jeff/omni-robot/build/turtle_gamepad_2/prefix_override:/usr/lib/python3/dist-packages/colcon_core/task/python/colcon_distutils_commands:/home/jeff/omni-robot/install/turtle_gamepad_2/lib/python3.12/site-packages:${PYTHONPATH} /usr/bin/python3 -W ignore:setup.py install is deprecated -W ignore:easy_install command is deprecated setup.py egg_info --egg-base ../../build/turtle_gamepad_2 build --build-base /home/jeff/omni-robot/build/turtle_gamepad_2/build install --record /home/jeff/omni-robot/build/turtle_gamepad_2/install.log --single-version-externally-managed install_data
