/home/jeff/omni-robot/install/turtle_gamepad_2/lib/python3.12/site-packages/turtle_gamepad_2/__init__.py
/home/jeff/omni-robot/install/turtle_gamepad_2/lib/python3.12/site-packages/turtle_gamepad_2/emergency_stop_monitor.py
/home/jeff/omni-robot/install/turtle_gamepad_2/lib/python3.12/site-packages/turtle_gamepad_2/turtle_gamepad_controller.py
/home/jeff/omni-robot/install/turtle_gamepad_2/lib/python3.12/site-packages/turtle_gamepad_2/__pycache__/__init__.cpython-312.pyc
/home/jeff/omni-robot/install/turtle_gamepad_2/lib/python3.12/site-packages/turtle_gamepad_2/__pycache__/emergency_stop_monitor.cpython-312.pyc
/home/jeff/omni-robot/install/turtle_gamepad_2/lib/python3.12/site-packages/turtle_gamepad_2/__pycache__/turtle_gamepad_controller.cpython-312.pyc
/home/jeff/omni-robot/install/turtle_gamepad_2/share/ament_index/resource_index/packages/turtle_gamepad_2
/home/jeff/omni-robot/install/turtle_gamepad_2/share/turtle_gamepad_2/package.xml
/home/jeff/omni-robot/install/turtle_gamepad_2/share/turtle_gamepad_2/launch/turtle_gamepad_launch.py
/home/jeff/omni-robot/install/turtle_gamepad_2/share/turtle_gamepad_2/launch/turtle_gamepad_simple_launch.py
/home/jeff/omni-robot/install/turtle_gamepad_2/share/turtle_gamepad_2/config/f310_config.yaml
/home/jeff/omni-robot/install/turtle_gamepad_2/lib/python3.12/site-packages/turtle_gamepad_2-0.0.0-py3.12.egg-info/top_level.txt
/home/jeff/omni-robot/install/turtle_gamepad_2/lib/python3.12/site-packages/turtle_gamepad_2-0.0.0-py3.12.egg-info/dependency_links.txt
/home/jeff/omni-robot/install/turtle_gamepad_2/lib/python3.12/site-packages/turtle_gamepad_2-0.0.0-py3.12.egg-info/entry_points.txt
/home/jeff/omni-robot/install/turtle_gamepad_2/lib/python3.12/site-packages/turtle_gamepad_2-0.0.0-py3.12.egg-info/SOURCES.txt
/home/jeff/omni-robot/install/turtle_gamepad_2/lib/python3.12/site-packages/turtle_gamepad_2-0.0.0-py3.12.egg-info/requires.txt
/home/jeff/omni-robot/install/turtle_gamepad_2/lib/python3.12/site-packages/turtle_gamepad_2-0.0.0-py3.12.egg-info/zip-safe
/home/jeff/omni-robot/install/turtle_gamepad_2/lib/python3.12/site-packages/turtle_gamepad_2-0.0.0-py3.12.egg-info/PKG-INFO
/home/jeff/omni-robot/install/turtle_gamepad_2/lib/turtle_gamepad_2/emergency_stop_monitor
/home/jeff/omni-robot/install/turtle_gamepad_2/lib/turtle_gamepad_2/turtle_gamepad_controller
